<?xml version="1.0" encoding="UTF-8"?>
<!-- Generated by org.testng.reporters.JUnitReportReporter -->
<testsuite skipped="0" hostname="DESKTOP-0FC8C65" name="com.saucelabs.LoginPageTest.checkoutCompletePageTest" tests="2" failures="0" timestamp="2021-03-24T20:19:58 CDT" time="4.250" errors="0">
  <testcase name="testThankyou" time="1.371" classname="com.saucelabs.LoginPageTest.checkoutCompletePageTest"/>
  <system-out/>
  <testcase name="testMainmenu" time="2.879" classname="com.saucelabs.LoginPageTest.checkoutCompletePageTest"/>
  <system-out/>
</testsuite> <!-- com.saucelabs.LoginPageTest.checkoutCompletePageTest -->
